TN:
SF:components\About.tsx
FN:6,About
FNF:1
FNH:1
FNDA:4,About
DA:2,1
DA:3,1
DA:4,1
DA:6,1
DA:7,4
DA:9,4
DA:10,4
DA:11,4
DA:12,4
DA:13,4
DA:14,4
DA:15,4
DA:16,4
DA:17,4
DA:18,4
DA:19,4
DA:20,4
DA:21,4
DA:22,4
DA:23,4
DA:24,4
DA:25,4
DA:26,4
DA:27,4
DA:28,4
DA:29,4
DA:30,4
DA:31,4
DA:32,4
DA:33,4
DA:34,4
DA:35,4
DA:36,4
DA:37,4
DA:38,4
DA:39,4
DA:40,4
DA:42,4
DA:43,4
DA:44,4
DA:45,4
DA:46,4
DA:47,4
DA:48,4
DA:50,4
DA:52,1
LF:46
LH:46
BRDA:6,0,0,4
BRDA:26,1,0,4
BRF:2
BRH:2
end_of_record
TN:
SF:components\AnimateOnScroll.tsx
FN:21,getSharedObserver
FN:24,IntersectionObserver.threshold
FN:46,observeElement
FN:51,unobserveElement
FN:78,AnimateOnScroll
FN:94,handleChange
FNF:6
FNH:4
FNDA:751,getSharedObserver
FNDA:0,IntersectionObserver.threshold
FNDA:751,observeElement
FNDA:751,unobserveElement
FNDA:821,AnimateOnScroll
FNDA:0,handleChange
DA:1,1
DA:17,1
DA:19,1
DA:21,1
DA:22,751
DA:23,7
DA:24,7
DA:25,0
DA:26,0
DA:27,0
DA:28,0
DA:29,0
DA:31,0
DA:32,0
DA:33,0
DA:34,0
DA:35,0
DA:36,0
DA:37,7
DA:38,7
DA:39,7
DA:40,7
DA:41,7
DA:42,7
DA:43,751
DA:44,751
DA:46,1
DA:47,751
DA:48,751
DA:49,751
DA:51,1
DA:52,751
DA:53,751
DA:54,751
DA:78,1
DA:79,821
DA:80,821
DA:81,821
DA:82,821
DA:83,821
DA:84,821
DA:85,821
DA:86,821
DA:87,821
DA:90,821
DA:91,751
DA:92,751
DA:94,751
DA:95,0
DA:96,0
DA:98,751
DA:99,751
DA:100,821
DA:102,821
DA:104,751
DA:105,0
DA:106,0
DA:107,0
DA:109,751
DA:110,751
DA:113,751
DA:114,0
DA:115,0
DA:116,0
DA:117,751
DA:119,751
DA:120,751
DA:121,751
DA:122,751
DA:123,751
DA:124,821
DA:127,821
DA:128,0
DA:129,0
DA:130,0
DA:131,0
DA:133,0
DA:135,821
DA:136,821
DA:137,821
DA:138,821
DA:139,821
DA:141,821
DA:142,821
DA:144,821
DA:146,1
LF:86
LH:62
BRDA:21,0,0,751
BRDA:22,1,0,7
BRDA:46,2,0,751
BRDA:51,3,0,751
BRDA:78,4,0,821
BRDA:127,5,0,0
BRDA:138,6,0,0
BRDA:90,7,0,751
BRDA:99,8,0,751
BRDA:102,9,0,751
BRDA:104,10,0,0
BRDA:110,11,0,0
BRDA:119,12,0,751
BRF:13
BRH:9
end_of_record
TN:
SF:components\AnimatedCounter.tsx
FN:24,getSharedCounterObserver
FN:27,IntersectionObserver.threshold
FN:46,observeCounter
FN:51,unobserveCounter
FN:73,AnimatedCounter2
FN:87,startAnimation
FNF:6
FNH:4
FNDA:80,getSharedCounterObserver
FNDA:0,IntersectionObserver.threshold
FNDA:80,observeCounter
FNDA:80,unobserveCounter
FNDA:80,AnimatedCounter2
FNDA:0,startAnimation
DA:1,1
DA:20,1
DA:22,1
DA:24,1
DA:25,80
DA:26,3
DA:27,3
DA:28,0
DA:29,0
DA:30,0
DA:31,0
DA:32,0
DA:34,0
DA:35,0
DA:36,0
DA:37,0
DA:38,0
DA:39,0
DA:40,3
DA:41,3
DA:42,3
DA:43,80
DA:44,80
DA:46,1
DA:47,80
DA:48,80
DA:49,80
DA:51,1
DA:52,80
DA:53,80
DA:54,80
DA:73,1
DA:74,80
DA:75,80
DA:76,80
DA:77,80
DA:78,80
DA:79,80
DA:80,80
DA:81,80
DA:83,80
DA:84,80
DA:85,80
DA:87,80
DA:88,0
DA:89,0
DA:91,0
DA:93,0
DA:94,0
DA:95,0
DA:98,0
DA:100,0
DA:101,0
DA:103,0
DA:104,0
DA:105,0
DA:106,0
DA:107,0
DA:108,0
DA:110,0
DA:111,0
DA:113,80
DA:115,80
DA:116,80
DA:117,80
DA:118,80
DA:120,80
DA:121,80
DA:122,80
DA:123,80
DA:124,80
DA:126,80
DA:128,1
LF:73
LH:45
BRDA:24,0,0,80
BRDA:25,1,0,3
BRDA:46,2,0,80
BRDA:51,3,0,80
BRDA:73,4,0,80
BRDA:83,5,0,80
BRDA:85,6,0,0
BRDA:115,7,0,80
BRF:8
BRH:7
end_of_record
TN:
SF:components\BackToTop.tsx
FN:5,BackToTop
FN:10,toggleVisibility
FN:24,scrollToTop
FNF:3
FNH:3
FNDA:12,BackToTop
FNDA:4,toggleVisibility
FNDA:1,scrollToTop
DA:1,1
DA:2,1
DA:3,1
DA:5,1
DA:6,12
DA:7,12
DA:9,12
DA:10,8
DA:12,4
DA:13,4
DA:15,8
DA:17,8
DA:19,8
DA:20,8
DA:21,8
DA:22,12
DA:24,12
DA:25,1
DA:26,1
DA:27,1
DA:28,1
DA:29,1
DA:31,12
DA:32,12
DA:33,12
DA:34,12
DA:35,12
DA:36,12
DA:37,12
DA:38,12
DA:40,12
DA:41,12
DA:42,12
DA:43,12
DA:44,12
DA:45,12
DA:46,12
DA:48,12
DA:49,12
DA:50,12
DA:51,12
DA:52,12
DA:53,12
DA:54,12
DA:55,12
DA:57,12
DA:59,1
LF:47
LH:47
BRDA:5,0,0,12
BRDA:35,1,0,3
BRDA:35,2,0,9
BRDA:37,3,0,0
BRDA:38,4,0,0
BRDA:9,5,0,8
BRDA:10,6,0,4
BRDA:19,7,0,8
BRDA:24,8,0,1
BRF:9
BRH:7
end_of_record
TN:
SF:components\CulturalHistorySection.tsx
FN:16,CulturalHistorySection2
FN:44,parseContent
FNF:2
FNH:2
FNDA:13,CulturalHistorySection2
FNDA:13,parseContent
DA:1,1
DA:2,1
DA:3,1
DA:15,1
DA:16,1
DA:17,13
DA:18,13
DA:19,13
DA:20,13
DA:21,13
DA:22,13
DA:23,13
DA:24,13
DA:25,13
DA:27,13
DA:28,4
DA:30,0
DA:31,0
DA:32,0
DA:35,0
DA:36,0
DA:37,0
DA:38,0
DA:39,0
DA:40,4
DA:41,13
DA:44,13
DA:45,13
DA:47,13
DA:48,26
DA:49,26
DA:51,26
DA:52,26
DA:54,26
DA:55,26
DA:56,26
DA:57,26
DA:58,26
DA:59,26
DA:60,26
DA:61,26
DA:62,26
DA:65,26
DA:66,26
DA:67,26
DA:68,26
DA:69,26
DA:71,26
DA:72,26
DA:73,26
DA:75,13
DA:76,13
DA:78,13
DA:79,13
DA:80,13
DA:81,13
DA:82,13
DA:83,13
DA:84,13
DA:85,13
DA:86,13
DA:90,13
DA:91,13
DA:92,13
DA:95,13
DA:96,13
DA:97,13
DA:98,13
DA:99,13
DA:100,13
DA:101,13
DA:103,13
DA:105,13
DA:106,13
DA:107,13
DA:110,13
DA:111,13
DA:112,13
DA:113,13
DA:114,13
DA:115,13
DA:116,13
DA:118,13
DA:119,13
DA:120,13
DA:121,13
DA:122,13
DA:123,13
DA:124,13
DA:125,13
DA:126,13
DA:127,13
DA:128,13
DA:129,13
DA:130,13
DA:132,13
DA:133,1
DA:135,1
LF:98
LH:90
BRDA:16,0,0,13
BRDA:98,1,0,3
BRDA:98,2,0,10
BRDA:118,3,0,3
BRDA:118,4,0,10
BRDA:121,5,0,3
BRDA:121,6,0,10
BRDA:27,7,0,4
BRDA:28,8,0,1
BRDA:28,9,0,0
BRDA:44,10,0,13
BRDA:47,11,0,26
BRDA:49,12,0,0
BRDA:48,13,0,65
BRDA:60,14,0,26
BRDA:62,15,0,0
BRDA:68,16,0,26
BRDA:68,17,0,0
BRF:18
BRH:14
end_of_record
TN:
SF:components\ErrorBoundary.tsx
FN:14,ErrorBoundary
FN:20,getDerivedStateFromError
FN:24,componentDidCatch
FN:29,render
FN:41,onClick
FNF:5
FNH:4
FNDA:4,ErrorBoundary
FNDA:2,getDerivedStateFromError
FNDA:1,componentDidCatch
FNDA:5,render
FNDA:0,onClick
DA:1,1
DA:2,1
DA:14,4
DA:15,4
DA:16,4
DA:17,4
DA:18,4
DA:20,1
DA:21,2
DA:22,2
DA:24,1
DA:26,1
DA:27,1
DA:29,1
DA:30,5
DA:31,2
DA:32,0
DA:33,0
DA:35,2
DA:36,2
DA:37,2
DA:38,2
DA:39,2
DA:40,2
DA:41,2
DA:42,2
DA:43,2
DA:45,2
DA:46,2
DA:47,2
DA:48,2
DA:50,2
DA:51,2
DA:52,2
DA:54,2
DA:55,2
DA:57,2
DA:59,3
DA:60,5
DA:61,1
DA:63,1
LF:41
LH:39
BRDA:14,0,0,4
BRDA:20,1,0,2
BRDA:24,2,0,1
BRDA:29,3,0,5
BRDA:30,4,0,2
BRDA:31,5,0,0
BRDA:57,6,0,3
BRF:7
BRH:6
end_of_record
TN:
SF:components\FAQSection.tsx
FN:54,FAQSection2
FN:110,onClick
FNF:2
FNH:2
FNDA:19,FAQSection2
FNDA:1,onClick
DA:1,1
DA:2,1
DA:3,1
DA:4,1
DA:5,1
DA:54,1
DA:55,19
DA:57,19
DA:58,1
DA:59,1
DA:60,1
DA:61,0
DA:62,1
DA:63,1
DA:64,1
DA:65,1
DA:66,1
DA:67,19
DA:70,19
DA:71,19
DA:72,18
DA:73,18
DA:74,18
DA:75,50
DA:76,50
DA:77,50
DA:78,50
DA:79,50
DA:80,50
DA:81,18
DA:82,18
DA:83,19
DA:84,19
DA:86,19
DA:87,19
DA:88,19
DA:89,19
DA:90,19
DA:92,19
DA:93,19
DA:94,19
DA:95,19
DA:96,19
DA:97,19
DA:98,19
DA:99,19
DA:100,19
DA:102,19
DA:103,19
DA:104,52
DA:106,52
DA:107,52
DA:108,52
DA:109,52
DA:110,52
DA:111,52
DA:112,52
DA:113,52
DA:115,52
DA:116,52
DA:117,52
DA:118,52
DA:119,52
DA:120,52
DA:121,52
DA:122,52
DA:123,52
DA:125,52
DA:126,52
DA:127,52
DA:128,52
DA:129,52
DA:131,52
DA:132,52
DA:133,52
DA:134,52
DA:135,52
DA:136,52
DA:137,52
DA:139,19
DA:140,19
DA:141,19
DA:142,19
DA:143,19
DA:145,19
DA:147,1
LF:86
LH:85
BRDA:54,0,0,19
BRDA:57,1,0,1
BRDA:58,2,0,1
BRDA:60,3,0,0
BRDA:71,4,0,18
BRDA:74,5,0,50
BRDA:103,6,0,52
BRDA:120,7,0,1
BRDA:120,8,0,51
BRDA:128,9,0,1
BRDA:128,10,0,51
BRDA:110,11,0,1
BRF:12
BRH:11
end_of_record
TN:
SF:components\FacilityFeatureList.tsx
FN:1,(empty-report)
FNF:1
FNH:1
FNDA:1,(empty-report)
DA:2,0
DA:16,0
DA:17,0
DA:18,0
DA:19,0
DA:20,0
DA:22,0
DA:23,0
DA:24,0
DA:25,0
DA:27,0
DA:28,0
DA:29,0
DA:30,0
DA:32,0
DA:33,0
DA:34,0
DA:35,0
DA:37,0
DA:38,0
DA:39,0
DA:40,0
DA:42,0
DA:43,0
DA:44,0
DA:45,0
DA:47,0
DA:49,0
DA:50,0
DA:51,0
DA:52,0
DA:53,0
DA:54,0
DA:55,0
DA:56,0
DA:57,0
DA:58,0
DA:59,0
DA:60,0
DA:61,0
DA:62,0
DA:64,0
DA:65,0
DA:66,0
DA:67,0
DA:68,0
DA:69,0
DA:70,0
DA:71,0
DA:72,0
DA:73,0
DA:74,0
DA:75,0
DA:76,0
DA:77,0
DA:78,0
DA:79,0
DA:80,0
DA:81,0
DA:82,0
DA:84,0
DA:86,0
LF:62
LH:0
BRDA:1,0,0,1
BRF:1
BRH:1
end_of_record
TN:
SF:components\FinalCTA.tsx
FN:6,FinalCTA
FNF:1
FNH:1
FNDA:4,FinalCTA
DA:2,1
DA:3,1
DA:4,1
DA:6,1
DA:7,4
DA:9,4
DA:10,4
DA:12,4
DA:13,4
DA:14,4
DA:15,4
DA:17,4
DA:18,4
DA:19,4
DA:20,4
DA:21,4
DA:22,4
DA:23,4
DA:24,4
DA:25,4
DA:26,4
DA:27,4
DA:28,4
DA:29,4
DA:30,4
DA:31,4
DA:32,4
DA:33,4
DA:34,4
DA:35,4
DA:36,4
DA:37,4
DA:39,4
DA:40,4
DA:41,4
DA:42,4
DA:43,4
DA:45,4
DA:46,4
DA:47,4
DA:48,4
DA:49,4
DA:50,4
DA:51,4
DA:52,4
DA:53,4
DA:54,4
DA:55,4
DA:56,4
DA:57,4
DA:59,4
DA:60,4
DA:61,4
DA:62,4
DA:63,4
DA:64,4
DA:66,4
DA:68,1
LF:58
LH:58
BRDA:6,0,0,4
BRF:1
BRH:1
end_of_record
TN:
SF:components\Footer.tsx
FN:5,SocialIcon
FN:21,FooterLink
FN:51,Footer
FNF:3
FNH:3
FNDA:12,SocialIcon
FNDA:36,FooterLink
FNDA:4,Footer
DA:1,1
DA:2,1
DA:3,1
DA:5,1
DA:6,12
DA:7,12
DA:8,12
DA:9,12
DA:10,12
DA:11,12
DA:12,12
DA:13,12
DA:14,12
DA:15,12
DA:17,12
DA:18,12
DA:21,1
DA:22,36
DA:23,36
DA:24,36
DA:25,36
DA:26,36
DA:27,36
DA:28,20
DA:29,20
DA:30,20
DA:31,20
DA:32,20
DA:34,20
DA:35,20
DA:36,20
DA:38,20
DA:39,16
DA:40,16
DA:41,16
DA:42,36
DA:43,36
DA:45,36
DA:46,36
DA:47,36
DA:49,36
DA:51,1
DA:52,4
DA:54,4
DA:55,4
DA:56,4
DA:57,4
DA:58,4
DA:60,4
DA:61,4
DA:62,4
DA:63,4
DA:64,4
DA:65,4
DA:66,4
DA:67,4
DA:68,4
DA:69,4
DA:70,4
DA:71,4
DA:72,4
DA:73,4
DA:74,4
DA:75,4
DA:76,4
DA:77,4
DA:78,4
DA:79,4
DA:80,4
DA:81,4
DA:83,4
DA:84,4
DA:85,4
DA:86,4
DA:87,4
DA:88,4
DA:89,4
DA:90,4
DA:91,4
DA:92,4
DA:93,4
DA:95,4
DA:96,4
DA:97,4
DA:98,4
DA:99,4
DA:100,4
DA:101,4
DA:103,4
DA:104,4
DA:105,4
DA:106,4
DA:107,4
DA:108,4
DA:109,4
DA:110,4
DA:111,4
DA:112,4
DA:113,4
DA:114,4
DA:115,4
DA:116,4
DA:117,4
DA:118,4
DA:119,4
DA:120,4
DA:121,4
DA:122,4
DA:123,4
DA:124,4
DA:125,4
DA:127,4
DA:128,4
DA:129,4
DA:130,4
DA:131,4
DA:132,4
DA:133,4
DA:134,4
DA:136,4
DA:137,4
DA:138,4
DA:139,4
DA:140,4
DA:141,4
DA:142,4
DA:143,4
DA:144,4
DA:145,4
DA:146,4
DA:147,4
DA:148,4
DA:149,4
DA:150,4
DA:151,4
DA:152,4
DA:153,4
DA:154,4
DA:155,4
DA:156,4
DA:157,4
DA:158,4
DA:159,4
DA:160,4
DA:161,4
DA:162,4
DA:163,4
DA:164,4
DA:165,4
DA:166,4
DA:167,4
DA:168,4
DA:169,4
DA:170,4
DA:171,4
DA:172,4
DA:173,4
DA:174,4
DA:175,4
DA:176,4
DA:177,4
DA:178,4
DA:179,4
DA:180,4
DA:181,4
DA:182,4
DA:183,4
DA:184,4
DA:185,4
DA:186,4
DA:187,4
DA:188,4
DA:189,4
DA:190,4
DA:191,4
DA:193,4
DA:195,1
LF:177
LH:177
BRDA:5,0,0,12
BRDA:21,1,0,36
BRDA:27,2,0,20
BRDA:38,3,0,16
BRDA:42,4,0,12
BRDA:51,5,0,4
BRDA:114,6,0,4
BRDA:143,7,0,4
BRF:8
BRH:8
end_of_record
TN:
SF:components\HappinessStory.tsx
FN:5,HappinessStory
FNF:1
FNH:1
FNDA:4,HappinessStory
DA:2,1
DA:3,1
DA:5,1
DA:6,4
DA:8,4
DA:9,4
DA:10,4
DA:11,4
DA:13,4
DA:14,4
DA:15,4
DA:16,4
DA:17,4
DA:20,4
DA:21,4
DA:22,4
DA:23,4
DA:24,4
DA:27,4
DA:28,4
DA:29,4
DA:30,4
DA:31,4
DA:34,4
DA:35,4
DA:36,4
DA:37,4
DA:38,4
DA:39,4
DA:42,4
DA:43,4
DA:44,4
DA:45,4
DA:46,4
DA:49,4
DA:50,4
DA:51,4
DA:52,4
DA:53,4
DA:56,4
DA:57,4
DA:58,4
DA:59,4
DA:60,4
DA:62,4
DA:63,4
DA:64,4
DA:66,4
DA:67,4
DA:68,4
DA:69,4
DA:70,4
DA:71,4
DA:72,4
DA:73,4
DA:74,4
DA:75,4
DA:76,4
DA:79,4
DA:80,4
DA:81,4
DA:82,4
DA:83,4
DA:84,4
DA:85,4
DA:87,4
DA:89,1
LF:67
LH:67
BRDA:5,0,0,4
BRF:1
BRH:1
end_of_record
TN:
SF:components\Header.tsx
FN:45,Header
FN:99,handleScroll
FN:111,handleClickOutside
FN:133,getCurrentPath
FN:148,handleLanguageChange
FN:162,handleEnrollClick
FN:292,onToggle
FN:312,onClick
FNF:8
FNH:1
FNDA:4,Header
FNDA:0,handleScroll
FNDA:0,handleClickOutside
FNDA:0,getCurrentPath
FNDA:0,handleLanguageChange
FNDA:0,handleEnrollClick
FNDA:0,onToggle
FNDA:0,onClick
DA:1,1
DA:2,1
DA:3,1
DA:4,1
DA:5,1
DA:6,1
DA:7,1
DA:8,1
DA:10,1
DA:22,1
DA:23,1
DA:24,1
DA:25,1
DA:26,1
DA:27,1
DA:28,1
DA:29,1
DA:30,1
DA:31,1
DA:34,1
DA:35,1
DA:36,1
DA:37,1
DA:38,1
DA:39,1
DA:40,1
DA:41,1
DA:42,1
DA:43,1
DA:45,1
DA:46,4
DA:47,4
DA:48,4
DA:49,4
DA:50,4
DA:51,4
DA:53,4
DA:54,0
DA:55,0
DA:56,0
DA:58,0
DA:59,0
DA:60,0
DA:62,0
DA:63,0
DA:65,0
DA:66,0
DA:68,0
DA:70,0
DA:71,0
DA:72,0
DA:74,0
DA:75,0
DA:76,0
DA:77,0
DA:78,0
DA:79,0
DA:80,0
DA:81,0
DA:82,4
DA:84,4
DA:85,0
DA:86,0
DA:87,0
DA:88,0
DA:89,0
DA:90,4
DA:92,4
DA:93,0
DA:94,4
DA:96,4
DA:98,4
DA:99,4
DA:100,0
DA:101,0
DA:103,4
DA:105,4
DA:106,4
DA:107,4
DA:110,4
DA:111,4
DA:112,0
DA:114,0
DA:116,0
DA:117,0
DA:118,0
DA:119,0
DA:120,0
DA:121,0
DA:122,0
DA:124,0
DA:125,0
DA:126,0
DA:127,0
DA:128,0
DA:129,4
DA:130,4
DA:131,4
DA:133,4
DA:134,0
DA:135,0
DA:136,0
DA:137,0
DA:138,0
DA:139,0
DA:140,0
DA:141,0
DA:142,0
DA:143,0
DA:144,0
DA:145,0
DA:146,0
DA:148,4
DA:149,0
DA:150,0
DA:151,0
DA:152,0
DA:153,0
DA:155,4
DA:156,4
DA:157,4
DA:158,4
DA:159,4
DA:160,4
DA:162,4
DA:163,0
DA:164,0
DA:165,0
DA:166,0
DA:168,4
DA:169,4
DA:170,4
DA:171,4
DA:172,4
DA:173,4
DA:174,4
DA:175,4
DA:176,4
DA:177,4
DA:178,4
DA:179,4
DA:180,4
DA:181,4
DA:182,4
DA:183,4
DA:184,4
DA:185,4
DA:186,4
DA:187,4
DA:188,4
DA:189,4
DA:190,4
DA:191,4
DA:193,4
DA:194,4
DA:195,4
DA:196,4
DA:197,4
DA:198,4
DA:199,4
DA:200,4
DA:201,4
DA:202,4
DA:203,4
DA:204,4
DA:205,4
DA:206,4
DA:207,4
DA:208,4
DA:209,4
DA:210,4
DA:211,4
DA:212,4
DA:213,4
DA:214,4
DA:215,4
DA:216,4
DA:217,4
DA:218,4
DA:219,4
DA:220,4
DA:221,4
DA:222,4
DA:223,4
DA:224,4
DA:225,4
DA:226,4
DA:227,4
DA:229,4
DA:230,4
DA:231,4
DA:232,4
DA:233,4
DA:234,0
DA:235,4
DA:236,4
DA:238,4
DA:240,4
DA:241,4
DA:242,4
DA:243,4
DA:244,4
DA:245,4
DA:246,4
DA:249,4
DA:250,4
DA:251,4
DA:252,4
DA:254,4
DA:255,4
DA:256,4
DA:257,4
DA:258,4
DA:259,4
DA:260,4
DA:261,4
DA:262,4
DA:263,4
DA:264,4
DA:265,4
DA:266,4
DA:267,4
DA:268,4
DA:271,4
DA:273,4
DA:274,4
DA:275,4
DA:277,4
DA:278,4
DA:281,4
DA:282,4
DA:283,4
DA:285,4
DA:286,4
DA:289,4
DA:290,4
DA:291,4
DA:292,4
DA:293,4
DA:294,4
DA:295,4
DA:296,4
DA:299,4
DA:300,4
DA:301,4
DA:302,4
DA:303,4
DA:305,4
DA:306,4
DA:307,4
DA:310,4
DA:311,4
DA:312,4
DA:313,4
DA:314,4
DA:315,4
DA:316,4
DA:318,4
DA:319,4
DA:320,4
DA:321,4
DA:322,4
DA:325,4
DA:326,4
DA:327,4
DA:328,4
DA:329,4
DA:330,4
DA:331,4
DA:332,4
DA:333,4
DA:334,4
DA:336,4
DA:338,1
LF:274
LH:207
BRDA:45,0,0,4
BRDA:233,1,0,0
BRDA:316,2,0,0
BRDA:318,3,0,0
BRDA:96,4,0,40
BRDA:98,5,0,4
BRDA:106,6,0,4
BRDA:110,7,0,4
BRDA:130,8,0,4
BRF:9
BRH:6
end_of_record
TN:
SF:components\Hero.tsx
FN:4,Hero
FNF:1
FNH:1
FNDA:9,Hero
DA:2,1
DA:4,1
DA:5,9
DA:7,9
DA:8,9
DA:9,9
DA:10,9
DA:11,9
DA:14,9
DA:15,9
DA:16,9
DA:17,9
DA:19,9
DA:20,9
DA:21,9
DA:22,9
DA:23,9
DA:24,9
DA:25,9
DA:26,9
DA:27,9
DA:28,9
DA:29,9
DA:30,9
DA:31,9
DA:32,9
DA:33,9
DA:34,9
DA:35,9
DA:36,9
DA:38,9
DA:39,9
DA:40,9
DA:41,9
DA:43,9
DA:44,9
DA:45,9
DA:47,9
DA:48,9
DA:49,9
DA:50,9
DA:51,9
DA:52,9
DA:53,9
DA:54,9
DA:56,9
DA:57,9
DA:58,9
DA:59,9
DA:60,9
DA:61,9
DA:62,9
DA:63,9
DA:64,9
DA:66,9
DA:68,1
LF:56
LH:56
BRDA:4,0,0,9
BRF:1
BRH:1
end_of_record
TN:
SF:components\Icon.tsx
FN:39,Icon
FNF:1
FNH:1
FNDA:69,Icon
DA:39,1
DA:40,69
DA:41,69
DA:42,69
DA:43,69
DA:45,69
DA:47,1
LF:7
LH:7
BRDA:39,0,0,69
BRF:1
BRH:1
end_of_record
TN:
SF:components\LazyImage.tsx
FN:22,LazyImage
FNF:1
FNH:1
FNDA:9,LazyImage
DA:2,1
DA:13,1
DA:14,1
DA:22,1
DA:23,9
DA:24,9
DA:25,9
DA:26,9
DA:27,9
DA:28,9
DA:29,9
DA:30,9
DA:31,9
DA:32,9
DA:33,9
DA:34,9
DA:35,9
DA:37,9
DA:38,9
DA:39,9
DA:40,9
DA:41,9
DA:42,9
DA:43,9
DA:44,9
DA:45,9
DA:46,9
DA:47,9
DA:48,9
DA:49,9
DA:51,9
DA:53,1
LF:32
LH:32
BRDA:22,0,0,9
BRDA:43,1,0,0
BRF:2
BRH:1
end_of_record
TN:
SF:components\LoadingSpinner.tsx
FN:3,LoadingSpinner
FNF:1
FNH:1
FNDA:2,LoadingSpinner
DA:3,1
DA:4,2
DA:5,2
DA:6,2
DA:8,2
DA:9,2
DA:10,2
DA:11,2
DA:14,2
DA:15,2
DA:16,2
DA:18,2
DA:20,1
LF:13
LH:13
BRDA:3,0,0,2
BRF:1
BRH:1
end_of_record
TN:
SF:components\MethodInfographic.tsx
FN:33,MethodInfographic
FN:37,handlePillarClick
FN:41,handleClose
FN:54,onClick
FNF:4
FNH:1
FNDA:4,MethodInfographic
FNDA:0,handlePillarClick
FNDA:0,handleClose
FNDA:0,onClick
DA:1,1
DA:2,1
DA:3,1
DA:12,1
DA:13,1
DA:14,1
DA:15,1
DA:16,1
DA:17,1
DA:18,1
DA:19,1
DA:20,1
DA:21,1
DA:22,1
DA:23,1
DA:24,1
DA:25,1
DA:26,1
DA:27,1
DA:28,1
DA:29,1
DA:30,1
DA:31,1
DA:33,1
DA:34,4
DA:35,4
DA:37,4
DA:38,0
DA:39,0
DA:41,4
DA:42,0
DA:43,0
DA:45,4
DA:46,4
DA:48,4
DA:51,4
DA:52,12
DA:53,12
DA:54,12
DA:55,12
DA:56,12
DA:57,12
DA:58,12
DA:59,12
DA:61,12
DA:62,12
DA:63,12
DA:64,12
DA:65,4
DA:68,4
DA:69,4
DA:71,4
DA:72,0
DA:73,0
DA:74,0
DA:76,0
DA:77,0
DA:78,0
DA:79,0
DA:80,0
DA:81,0
DA:82,0
DA:84,0
DA:85,0
DA:86,0
DA:88,4
DA:90,4
DA:91,4
DA:92,4
DA:93,4
DA:95,4
DA:97,4
DA:99,1
LF:73
LH:56
BRDA:33,0,0,4
BRDA:69,1,0,0
BRDA:71,2,0,0
BRDA:51,3,0,12
BRF:4
BRH:2
end_of_record
TN:
SF:components\SEO.tsx
FN:81,getPageFromPath
FN:93,SEO
FNF:2
FNH:2
FNDA:2,getPageFromPath
FNDA:2,SEO
DA:1,1
DA:2,1
DA:3,1
DA:4,1
DA:35,1
DA:37,1
DA:38,1
DA:39,1
DA:40,1
DA:41,1
DA:42,1
DA:43,1
DA:44,1
DA:45,1
DA:46,1
DA:47,1
DA:48,1
DA:49,1
DA:50,1
DA:51,1
DA:52,1
DA:53,1
DA:54,1
DA:55,1
DA:57,1
DA:58,1
DA:59,1
DA:61,1
DA:62,1
DA:63,1
DA:64,1
DA:65,1
DA:66,1
DA:68,1
DA:69,1
DA:70,1
DA:71,1
DA:72,1
DA:73,1
DA:81,1
DA:83,2
DA:86,0
DA:87,0
DA:88,0
DA:90,0
DA:91,0
DA:93,1
DA:94,2
DA:95,2
DA:97,2
DA:99,2
DA:102,2
DA:103,2
DA:104,2
DA:105,2
DA:106,2
DA:107,2
DA:108,2
DA:109,2
DA:110,2
DA:111,2
DA:112,2
DA:113,2
DA:114,2
DA:115,2
DA:116,2
DA:117,2
DA:118,2
DA:119,2
DA:120,2
DA:121,2
DA:122,2
DA:123,2
DA:124,2
DA:125,2
DA:126,2
DA:127,2
DA:128,2
DA:129,2
DA:130,2
DA:131,2
DA:132,2
DA:133,2
DA:134,2
DA:135,2
DA:136,2
DA:137,2
DA:140,2
DA:141,2
DA:142,2
DA:143,2
DA:144,2
DA:145,2
DA:146,2
DA:147,2
DA:148,2
DA:149,2
DA:150,2
DA:151,2
DA:152,2
DA:153,2
DA:154,2
DA:155,2
DA:156,2
DA:157,2
DA:158,2
DA:159,2
DA:160,2
DA:161,2
DA:162,2
DA:163,2
DA:164,2
DA:165,2
DA:166,2
DA:167,2
DA:168,2
DA:169,2
DA:170,2
DA:171,2
DA:172,2
DA:173,2
DA:174,2
DA:175,2
DA:176,2
DA:177,2
DA:178,2
DA:179,2
DA:180,2
DA:181,2
DA:182,2
DA:183,2
DA:184,2
DA:185,2
DA:186,2
DA:187,2
DA:188,2
DA:189,2
DA:190,2
DA:191,2
DA:192,2
DA:193,2
DA:194,2
DA:195,2
DA:196,2
DA:197,2
DA:198,2
DA:199,2
DA:200,2
DA:201,2
DA:202,2
DA:203,2
DA:204,2
DA:205,2
DA:206,2
DA:207,2
DA:208,2
DA:209,2
DA:210,2
DA:211,2
DA:212,2
DA:213,2
DA:214,2
DA:215,2
DA:216,2
DA:217,2
DA:218,2
DA:219,2
DA:220,2
DA:221,2
DA:222,2
DA:223,2
DA:224,2
DA:225,2
DA:226,2
DA:227,2
DA:228,2
DA:229,2
DA:230,2
DA:231,2
DA:232,2
DA:233,2
DA:234,2
DA:235,2
DA:236,2
DA:237,2
DA:238,2
DA:239,2
DA:240,2
DA:241,2
DA:242,2
DA:243,2
DA:244,2
DA:245,2
DA:246,2
DA:247,2
DA:248,2
DA:249,2
DA:250,2
DA:251,2
DA:252,2
DA:253,2
DA:254,2
DA:255,2
DA:256,2
DA:257,2
DA:258,2
DA:259,2
DA:260,2
DA:261,2
DA:262,2
DA:263,2
DA:264,2
DA:265,2
DA:266,2
DA:267,2
DA:268,2
DA:269,2
DA:270,2
DA:271,2
DA:272,2
DA:273,2
DA:274,2
DA:275,2
DA:276,2
DA:277,2
DA:278,2
DA:279,2
DA:280,2
DA:281,2
DA:282,2
DA:283,2
DA:284,2
DA:285,2
DA:286,2
DA:287,2
DA:288,2
DA:289,2
DA:290,2
DA:291,2
DA:292,2
DA:293,2
DA:294,2
DA:295,2
DA:296,2
DA:297,2
DA:298,2
DA:299,2
DA:300,2
DA:301,2
DA:302,2
DA:303,2
DA:304,2
DA:305,2
DA:306,2
DA:307,2
DA:308,2
DA:309,2
DA:310,2
DA:311,2
DA:313,2
DA:314,2
DA:316,2
DA:317,2
DA:318,2
DA:319,2
DA:322,2
DA:323,2
DA:326,2
DA:327,2
DA:328,2
DA:329,2
DA:330,2
DA:333,2
DA:334,0
DA:335,0
DA:338,2
DA:339,0
DA:340,0
DA:343,2
DA:344,2
DA:345,2
DA:346,2
DA:347,2
DA:348,2
DA:350,2
DA:351,2
DA:353,2
DA:354,2
DA:355,2
DA:356,2
DA:359,2
DA:360,2
DA:361,2
DA:362,2
DA:363,2
DA:364,2
DA:365,2
DA:366,2
DA:367,2
DA:370,2
DA:371,2
DA:372,2
DA:373,2
DA:374,2
DA:375,2
DA:376,2
DA:379,2
DA:380,2
DA:381,2
DA:382,2
DA:383,2
DA:386,2
DA:387,2
DA:389,2
DA:391,1
LF:315
LH:306
BRDA:81,0,0,2
BRDA:83,1,0,0
BRDA:83,2,0,0
BRDA:83,3,0,0
BRDA:93,4,0,2
BRDA:313,5,0,0
BRDA:314,6,0,0
BRDA:316,7,0,0
BRDA:317,8,0,0
BRDA:318,9,0,0
BRDA:319,10,0,0
BRDA:322,11,0,0
BRDA:323,12,0,0
BRDA:323,13,0,0
BRDA:333,14,0,0
BRDA:338,15,0,0
BRDA:359,16,0,0
BRDA:360,17,0,0
BRDA:361,18,0,0
BRDA:362,19,0,0
BRDA:366,20,0,0
BRDA:326,21,0,2
BRF:22
BRH:3
end_of_record
TN:
SF:components\ScheduleSection.tsx
FN:22,ScheduleSection2
FNF:1
FNH:1
FNDA:20,ScheduleSection2
DA:1,1
DA:2,1
DA:22,1
DA:23,20
DA:24,20
DA:25,20
DA:26,20
DA:27,20
DA:28,20
DA:29,20
DA:30,20
DA:31,20
DA:32,20
DA:33,20
DA:34,20
DA:35,20
DA:36,20
DA:37,20
DA:38,20
DA:40,20
DA:41,20
DA:42,27
DA:43,27
DA:44,27
DA:45,27
DA:46,27
DA:47,27
DA:48,27
DA:49,27
DA:50,27
DA:51,27
DA:52,27
DA:53,27
DA:54,27
DA:55,27
DA:56,27
DA:57,27
DA:58,27
DA:59,27
DA:60,1
DA:61,1
DA:62,1
DA:64,27
DA:65,27
DA:66,27
DA:67,27
DA:68,20
DA:69,20
DA:70,20
DA:71,20
DA:73,20
DA:75,1
LF:52
LH:52
BRDA:22,0,0,20
BRDA:41,1,0,27
BRDA:59,2,0,1
BRF:3
BRH:3
end_of_record
TN:
SF:components\SchemaMarkup.tsx
FN:97,LocalBusinessSchema
FN:136,CourseSchema
FN:162,ReviewSchema
FN:212,HowToSchema
FN:264,SpeakableSchema
FN:293,DefinedTermSchema
FN:343,EventSchema
FN:396,AggregateReviewsSchema
FNF:8
FNH:3
FNDA:13,LocalBusinessSchema
FNDA:14,CourseSchema
FNDA:0,ReviewSchema
FNDA:0,HowToSchema
FNDA:0,SpeakableSchema
FNDA:0,DefinedTermSchema
FNDA:0,EventSchema
FNDA:13,AggregateReviewsSchema
DA:33,1
DA:97,1
DA:98,13
DA:99,13
DA:100,13
DA:101,13
DA:102,13
DA:103,13
DA:104,13
DA:105,13
DA:106,13
DA:107,13
DA:108,13
DA:109,13
DA:110,13
DA:111,13
DA:112,13
DA:113,13
DA:114,13
DA:115,13
DA:116,13
DA:117,13
DA:118,13
DA:119,13
DA:120,11
DA:121,11
DA:122,11
DA:123,11
DA:124,11
DA:125,11
DA:126,13
DA:127,13
DA:129,13
DA:130,13
DA:131,13
DA:132,13
DA:134,13
DA:136,1
DA:137,14
DA:138,14
DA:139,14
DA:140,14
DA:141,14
DA:142,14
DA:143,14
DA:144,14
DA:145,14
DA:146,14
DA:147,14
DA:148,14
DA:149,14
DA:150,14
DA:151,14
DA:152,14
DA:153,14
DA:155,14
DA:156,14
DA:157,14
DA:158,14
DA:160,14
DA:162,1
DA:163,0
DA:164,0
DA:165,0
DA:166,0
DA:167,0
DA:168,0
DA:169,0
DA:170,0
DA:171,0
DA:172,0
DA:173,0
DA:174,0
DA:175,0
DA:176,0
DA:177,0
DA:178,0
DA:179,0
DA:180,0
DA:181,0
DA:183,0
DA:184,0
DA:185,0
DA:186,0
DA:188,0
DA:212,1
DA:213,0
DA:214,0
DA:215,0
DA:216,0
DA:217,0
DA:218,0
DA:219,0
DA:220,0
DA:221,0
DA:222,0
DA:223,0
DA:224,0
DA:225,0
DA:226,0
DA:227,0
DA:228,0
DA:229,0
DA:230,0
DA:231,0
DA:232,0
DA:233,0
DA:234,0
DA:235,0
DA:236,0
DA:237,0
DA:238,0
DA:239,0
DA:240,0
DA:241,0
DA:242,0
DA:243,0
DA:244,0
DA:245,0
DA:246,0
DA:247,0
DA:249,0
DA:250,0
DA:251,0
DA:252,0
DA:254,0
DA:264,1
DA:265,0
DA:266,0
DA:267,0
DA:268,0
DA:269,0
DA:270,0
DA:271,0
DA:272,0
DA:273,0
DA:274,0
DA:275,0
DA:277,0
DA:278,0
DA:279,0
DA:280,0
DA:282,0
DA:293,1
DA:294,0
DA:295,0
DA:296,0
DA:297,0
DA:298,0
DA:299,0
DA:300,0
DA:301,0
DA:302,0
DA:303,0
DA:304,0
DA:305,0
DA:306,0
DA:308,0
DA:309,0
DA:310,0
DA:311,0
DA:313,0
DA:343,1
DA:344,0
DA:345,0
DA:346,0
DA:347,0
DA:348,0
DA:349,0
DA:350,0
DA:351,0
DA:352,0
DA:353,0
DA:354,0
DA:355,0
DA:356,0
DA:357,0
DA:358,0
DA:359,0
DA:360,0
DA:361,0
DA:362,0
DA:363,0
DA:364,0
DA:365,0
DA:366,0
DA:367,0
DA:368,0
DA:369,0
DA:370,0
DA:371,0
DA:372,0
DA:373,0
DA:374,0
DA:375,0
DA:376,0
DA:377,0
DA:378,0
DA:379,0
DA:380,0
DA:381,0
DA:382,0
DA:383,0
DA:385,0
DA:386,0
DA:387,0
DA:388,0
DA:390,0
DA:392,1
DA:396,1
DA:397,13
DA:398,13
DA:399,13
DA:400,13
DA:401,13
DA:403,13
DA:404,13
DA:405,13
DA:406,13
DA:407,13
DA:408,13
DA:409,13
DA:410,13
DA:411,13
DA:412,13
DA:413,13
DA:414,13
DA:415,13
DA:416,13
DA:417,13
DA:418,13
DA:419,13
DA:420,13
DA:421,13
DA:422,13
DA:423,13
DA:424,13
DA:425,13
DA:426,13
DA:427,13
DA:429,13
DA:430,13
DA:431,13
DA:432,13
DA:434,13
LF:245
LH:102
BRDA:97,0,0,13
BRDA:119,1,0,11
BRDA:126,2,0,0
BRDA:136,3,0,14
BRDA:149,4,0,11
BRDA:150,5,0,11
BRDA:151,6,0,11
BRDA:396,7,0,13
BRDA:398,8,0,13
BRDA:413,9,0,13
BRF:10
BRH:9
end_of_record
TN:
SF:components\Services.tsx
FN:83,Services
FNF:1
FNH:1
FNDA:9,Services
DA:2,1
DA:4,1
DA:5,1
DA:17,1
DA:18,1
DA:19,1
DA:20,1
DA:21,1
DA:22,1
DA:23,1
DA:24,1
DA:25,1
DA:26,1
DA:27,1
DA:28,1
DA:29,1
DA:30,1
DA:31,1
DA:32,1
DA:33,1
DA:34,1
DA:35,1
DA:36,1
DA:37,1
DA:38,1
DA:39,1
DA:40,1
DA:41,1
DA:42,1
DA:43,1
DA:44,1
DA:45,1
DA:46,1
DA:47,1
DA:48,1
DA:49,1
DA:50,1
DA:51,1
DA:52,1
DA:53,1
DA:54,1
DA:55,1
DA:56,1
DA:57,1
DA:58,1
DA:59,1
DA:60,1
DA:61,1
DA:62,1
DA:63,1
DA:64,1
DA:65,1
DA:66,1
DA:67,1
DA:68,1
DA:69,1
DA:70,1
DA:71,1
DA:72,1
DA:73,1
DA:74,1
DA:75,1
DA:76,1
DA:77,1
DA:78,1
DA:79,1
DA:80,1
DA:81,1
DA:83,1
DA:84,9
DA:86,9
DA:87,9
DA:88,9
DA:89,9
DA:90,9
DA:91,9
DA:92,9
DA:93,9
DA:94,9
DA:95,9
DA:96,9
DA:97,9
DA:98,9
DA:99,81
DA:100,81
DA:101,81
DA:102,81
DA:103,81
DA:104,81
DA:105,81
DA:106,81
DA:107,81
DA:108,81
DA:109,81
DA:110,81
DA:111,81
DA:112,81
DA:113,81
DA:114,81
DA:115,81
DA:116,81
DA:117,81
DA:119,81
DA:120,81
DA:121,81
DA:122,81
DA:123,81
DA:125,81
DA:126,81
DA:127,81
DA:128,81
DA:129,81
DA:130,81
DA:131,9
DA:132,9
DA:133,9
DA:134,9
DA:136,9
DA:138,1
LF:119
LH:119
BRDA:83,0,0,9
BRDA:98,1,0,81
BRF:2
BRH:2
end_of_record
TN:
SF:components\SkipLink.tsx
FN:4,SkipLink
FNF:1
FNH:1
FNDA:3,SkipLink
DA:2,1
DA:4,1
DA:5,3
DA:7,3
DA:8,3
DA:9,3
DA:10,3
DA:12,3
DA:13,3
DA:15,3
DA:17,1
LF:11
LH:11
BRDA:4,0,0,3
BRDA:12,1,0,0
BRF:2
BRH:1
end_of_record
TN:
SF:components\SocialAmenities.tsx
FN:1,(empty-report)
FNF:1
FNH:1
FNDA:1,(empty-report)
DA:2,0
DA:16,0
DA:17,0
DA:18,0
DA:19,0
DA:20,0
DA:22,0
DA:23,0
DA:24,0
DA:25,0
DA:27,0
DA:28,0
DA:29,0
DA:30,0
DA:32,0
DA:34,0
DA:35,0
DA:36,0
DA:37,0
DA:38,0
DA:39,0
DA:40,0
DA:41,0
DA:42,0
DA:43,0
DA:44,0
DA:45,0
DA:46,0
DA:47,0
DA:49,0
DA:50,0
DA:51,0
DA:52,0
DA:53,0
DA:54,0
DA:55,0
DA:56,0
DA:57,0
DA:58,0
DA:59,0
DA:60,0
DA:61,0
DA:62,0
DA:63,0
DA:65,0
DA:67,0
LF:46
LH:0
BRDA:1,0,0,1
BRF:1
BRH:1
end_of_record
TN:
SF:components\Teachers.tsx
FN:14,InitialsAvatar
FN:55,Teachers
FNF:2
FNH:2
FNDA:21,InitialsAvatar
FNDA:7,Teachers
DA:2,1
DA:4,1
DA:7,1
DA:8,1
DA:9,1
DA:10,1
DA:11,1
DA:14,1
DA:15,21
DA:16,21
DA:17,21
DA:18,21
DA:19,21
DA:20,21
DA:22,21
DA:23,21
DA:24,21
DA:26,21
DA:27,21
DA:29,21
DA:31,1
DA:32,1
DA:33,1
DA:34,1
DA:35,1
DA:36,1
DA:37,1
DA:38,1
DA:39,1
DA:40,1
DA:41,1
DA:42,1
DA:43,1
DA:44,1
DA:45,1
DA:46,1
DA:47,1
DA:48,1
DA:49,1
DA:50,1
DA:51,1
DA:52,1
DA:53,1
DA:55,1
DA:56,7
DA:58,7
DA:59,7
DA:60,7
DA:61,7
DA:62,7
DA:63,7
DA:64,7
DA:65,7
DA:66,7
DA:67,7
DA:68,7
DA:69,7
DA:70,21
DA:71,21
DA:72,21
DA:73,21
DA:74,21
DA:76,21
DA:77,21
DA:78,21
DA:79,21
DA:80,21
DA:81,21
DA:82,21
DA:83,21
DA:84,21
DA:85,21
DA:86,21
DA:87,21
DA:88,21
DA:89,21
DA:90,21
DA:91,21
DA:92,21
DA:93,7
DA:94,7
DA:95,7
DA:96,7
DA:97,7
DA:98,7
DA:99,7
DA:101,7
DA:102,7
DA:103,7
DA:104,7
DA:105,7
DA:106,7
DA:108,7
DA:110,1
LF:94
LH:94
BRDA:14,0,0,21
BRDA:17,1,0,42
BRDA:55,2,0,7
BRDA:69,3,0,21
BRF:4
BRH:4
end_of_record
TN:
SF:components\Testimonials.tsx
FN:16,InitialsAvatar
FN:116,StarIcon
FN:132,Testimonials
FNF:3
FNH:3
FNDA:30,InitialsAvatar
FNDA:180,StarIcon
FNDA:6,Testimonials
DA:2,1
DA:4,1
DA:7,1
DA:8,1
DA:9,1
DA:10,1
DA:11,1
DA:12,1
DA:13,1
DA:16,1
DA:17,30
DA:18,30
DA:19,30
DA:20,30
DA:21,30
DA:22,30
DA:24,30
DA:25,30
DA:26,30
DA:28,30
DA:29,30
DA:31,30
DA:33,1
DA:34,1
DA:35,1
DA:36,1
DA:37,1
DA:38,1
DA:39,1
DA:40,1
DA:41,1
DA:42,1
DA:43,1
DA:44,1
DA:45,1
DA:46,1
DA:47,1
DA:48,1
DA:49,1
DA:50,1
DA:51,1
DA:52,1
DA:53,1
DA:54,1
DA:55,1
DA:56,1
DA:57,1
DA:58,1
DA:59,1
DA:60,1
DA:61,1
DA:62,1
DA:63,1
DA:64,1
DA:65,1
DA:66,1
DA:67,1
DA:68,1
DA:69,1
DA:70,1
DA:71,1
DA:72,1
DA:73,1
DA:74,1
DA:75,1
DA:76,1
DA:77,1
DA:78,1
DA:79,1
DA:80,1
DA:81,1
DA:82,1
DA:83,1
DA:84,1
DA:85,1
DA:86,1
DA:87,1
DA:88,1
DA:89,1
DA:90,1
DA:91,1
DA:92,1
DA:93,1
DA:94,1
DA:95,1
DA:96,1
DA:97,1
DA:98,1
DA:99,1
DA:100,1
DA:101,1
DA:102,1
DA:103,1
DA:104,1
DA:105,1
DA:106,1
DA:107,1
DA:108,1
DA:109,1
DA:110,1
DA:111,1
DA:112,1
DA:113,1
DA:114,1
DA:116,1
DA:117,180
DA:118,180
DA:119,180
DA:120,180
DA:121,180
DA:122,180
DA:124,180
DA:125,180
DA:126,180
DA:127,180
DA:128,180
DA:129,180
DA:132,1
DA:133,6
DA:135,6
DA:136,6
DA:137,6
DA:138,6
DA:139,6
DA:141,6
DA:142,6
DA:143,6
DA:144,6
DA:145,6
DA:146,6
DA:148,6
DA:149,6
DA:151,6
DA:152,6
DA:153,6
DA:154,6
DA:155,6
DA:156,6
DA:158,6
DA:159,6
DA:160,6
DA:161,6
DA:162,30
DA:163,6
DA:164,6
DA:165,6
DA:166,6
DA:167,6
DA:168,6
DA:169,6
DA:170,6
DA:171,6
DA:172,6
DA:173,6
DA:174,6
DA:175,6
DA:177,6
DA:178,6
DA:179,6
DA:180,6
DA:181,6
DA:182,6
DA:183,6
DA:184,6
DA:185,6
DA:186,6
DA:187,6
DA:188,6
DA:189,6
DA:190,6
DA:191,6
DA:192,6
DA:193,6
DA:194,6
DA:195,6
DA:196,6
DA:197,6
DA:198,6
DA:199,6
DA:200,6
DA:201,30
DA:202,30
DA:203,30
DA:204,30
DA:205,30
DA:207,30
DA:208,30
DA:209,30
DA:210,30
DA:211,30
DA:212,30
DA:213,30
DA:214,30
DA:216,30
DA:217,150
DA:218,30
DA:219,30
DA:220,30
DA:221,30
DA:222,30
DA:223,30
DA:224,30
DA:225,30
DA:226,30
DA:227,30
DA:228,30
DA:229,30
DA:230,30
DA:231,30
DA:232,30
DA:233,30
DA:234,6
DA:235,6
DA:236,6
DA:237,6
DA:239,6
DA:241,1
LF:217
LH:217
BRDA:16,0,0,30
BRDA:19,1,0,60
BRDA:116,2,0,180
BRDA:132,3,0,6
BRDA:161,4,0,30
BRDA:200,5,0,30
BRDA:216,6,0,150
BRF:7
BRH:7
end_of_record
TN:
SF:components\TestimonialsSection.tsx
FN:11,TestimonialsSection2
FNF:1
FNH:1
FNDA:14,TestimonialsSection2
DA:1,1
DA:2,1
DA:3,1
DA:11,1
DA:12,14
DA:13,14
DA:14,14
DA:15,14
DA:17,14
DA:18,14
DA:19,14
DA:20,14
DA:21,14
DA:22,14
DA:23,14
DA:24,14
DA:25,14
DA:26,14
DA:27,14
DA:28,14
DA:29,70
DA:30,70
DA:31,70
DA:32,70
DA:33,70
DA:35,70
DA:36,70
DA:37,14
DA:38,14
DA:39,14
DA:40,14
DA:41,14
DA:42,14
DA:43,14
DA:44,14
DA:45,14
DA:47,14
DA:48,14
DA:49,22
DA:50,22
DA:51,22
DA:52,22
DA:53,110
DA:54,110
DA:55,110
DA:56,110
DA:57,110
DA:59,110
DA:60,110
DA:61,22
DA:62,22
DA:63,22
DA:64,22
DA:65,22
DA:66,22
DA:67,22
DA:68,22
DA:69,22
DA:70,22
DA:71,22
DA:72,22
DA:73,22
DA:74,22
DA:75,22
DA:76,22
DA:77,22
DA:78,14
DA:79,14
DA:80,14
DA:81,14
DA:83,14
DA:85,1
LF:72
LH:72
BRDA:11,0,0,14
BRDA:28,1,0,70
BRDA:48,2,0,22
BRDA:52,3,0,110
BRF:4
BRH:4
end_of_record
TN:
SF:components\VideoWithSchema.tsx
FN:68,VideoWithSchema
FNF:1
FNH:1
FNDA:12,VideoWithSchema
DA:2,1
DA:68,1
DA:69,12
DA:70,12
DA:71,12
DA:72,12
DA:73,12
DA:74,12
DA:75,12
DA:76,12
DA:77,12
DA:78,12
DA:79,12
DA:80,12
DA:81,12
DA:82,12
DA:83,12
DA:84,12
DA:85,12
DA:86,12
DA:87,12
DA:88,12
DA:89,12
DA:90,12
DA:91,12
DA:92,12
DA:93,12
DA:94,12
DA:95,12
DA:96,12
DA:98,12
DA:99,12
DA:100,12
DA:101,12
DA:102,12
DA:104,12
DA:105,12
DA:106,12
DA:107,12
DA:108,12
DA:109,12
DA:110,12
DA:111,12
DA:113,12
DA:114,12
DA:115,12
DA:116,12
DA:118,12
DA:120,1
LF:49
LH:49
BRDA:68,0,0,12
BRDA:94,1,0,1
BRDA:95,2,0,1
BRDA:113,3,0,1
BRF:4
BRH:4
end_of_record
TN:
SF:components\WhyFIDC.tsx
FN:9,GlobeEuropeAfricaIcon
FN:27,SparklesIcon
FN:45,BuildingOffice2Icon
FN:63,HeartIcon
FN:81,ClockIcon
FN:99,AcademicCapIcon
FN:117,MapPinIcon
FN:180,WhyFIDC
FNF:8
FNH:8
FNDA:4,GlobeEuropeAfricaIcon
FNDA:4,SparklesIcon
FNDA:4,BuildingOffice2Icon
FNDA:4,HeartIcon
FNDA:4,ClockIcon
FNDA:4,AcademicCapIcon
FNDA:4,MapPinIcon
FNDA:4,WhyFIDC
DA:2,1
DA:4,1
DA:9,1
DA:10,4
DA:11,4
DA:12,4
DA:13,4
DA:14,4
DA:15,4
DA:16,4
DA:18,4
DA:19,4
DA:20,4
DA:21,4
DA:22,4
DA:23,4
DA:27,1
DA:28,4
DA:29,4
DA:30,4
DA:31,4
DA:32,4
DA:33,4
DA:34,4
DA:36,4
DA:37,4
DA:38,4
DA:39,4
DA:40,4
DA:41,4
DA:45,1
DA:46,4
DA:47,4
DA:48,4
DA:49,4
DA:50,4
DA:51,4
DA:52,4
DA:54,4
DA:55,4
DA:56,4
DA:57,4
DA:58,4
DA:59,4
DA:63,1
DA:64,4
DA:65,4
DA:66,4
DA:67,4
DA:68,4
DA:69,4
DA:70,4
DA:72,4
DA:73,4
DA:74,4
DA:75,4
DA:76,4
DA:77,4
DA:81,1
DA:82,4
DA:83,4
DA:84,4
DA:85,4
DA:86,4
DA:87,4
DA:88,4
DA:90,4
DA:91,4
DA:92,4
DA:93,4
DA:94,4
DA:95,4
DA:99,1
DA:100,4
DA:101,4
DA:102,4
DA:103,4
DA:104,4
DA:105,4
DA:106,4
DA:108,4
DA:109,4
DA:110,4
DA:111,4
DA:112,4
DA:113,4
DA:117,1
DA:118,4
DA:119,4
DA:120,4
DA:121,4
DA:122,4
DA:123,4
DA:124,4
DA:126,4
DA:127,4
DA:128,4
DA:129,4
DA:130,4
DA:131,4
DA:132,4
DA:135,1
DA:136,1
DA:137,1
DA:138,1
DA:139,1
DA:140,1
DA:141,1
DA:142,1
DA:143,1
DA:144,1
DA:145,1
DA:146,1
DA:147,1
DA:148,1
DA:149,1
DA:150,1
DA:151,1
DA:152,1
DA:153,1
DA:154,1
DA:155,1
DA:156,1
DA:157,1
DA:158,1
DA:159,1
DA:160,1
DA:161,1
DA:162,1
DA:163,1
DA:164,1
DA:165,1
DA:166,1
DA:167,1
DA:168,1
DA:169,1
DA:170,1
DA:171,1
DA:172,1
DA:173,1
DA:174,1
DA:175,1
DA:176,1
DA:177,1
DA:178,1
DA:180,1
DA:181,4
DA:183,4
DA:184,4
DA:185,4
DA:186,4
DA:187,4
DA:188,4
DA:189,4
DA:190,4
DA:191,4
DA:192,4
DA:193,4
DA:194,4
DA:195,28
DA:196,28
DA:197,28
DA:198,28
DA:199,28
DA:200,28
DA:201,28
DA:202,28
DA:203,28
DA:204,28
DA:205,28
DA:206,28
DA:207,28
DA:208,28
DA:209,28
DA:210,28
DA:211,28
DA:212,4
DA:213,4
DA:214,4
DA:215,4
DA:217,4
DA:219,1
LF:182
LH:182
BRDA:9,0,0,4
BRDA:27,1,0,4
BRDA:45,2,0,4
BRDA:63,3,0,4
BRDA:81,4,0,4
BRDA:99,5,0,4
BRDA:117,6,0,4
BRDA:180,7,0,4
BRDA:194,8,0,28
BRF:9
BRH:9
end_of_record
TN:
SF:components\YouTubeEmbed.tsx
FN:53,YouTubeEmbed
FN:89,initPlayer
FN:150,window.onYouTubeIframeAPIReady
FN:176,onClick
FN:179,onKeyDown
FN:194,onLoad
FN:201,onError
FNF:7
FNH:4
FNDA:20,YouTubeEmbed
FNDA:0,initPlayer
FNDA:0,window.onYouTubeIframeAPIReady
FNDA:1,onClick
FNDA:2,onKeyDown
FNDA:0,onLoad
FNDA:1,onError
DA:1,1
DA:2,1
DA:53,1
DA:54,20
DA:55,20
DA:56,20
DA:57,20
DA:58,20
DA:59,20
DA:60,20
DA:61,20
DA:62,20
DA:63,20
DA:65,20
DA:66,1
DA:67,19
DA:68,20
DA:70,20
DA:71,20
DA:72,20
DA:73,20
DA:74,20
DA:75,20
DA:76,20
DA:77,20
DA:78,20
DA:79,20
DA:80,20
DA:83,20
DA:84,19
DA:86,3
DA:89,3
DA:90,0
DA:92,0
DA:93,0
DA:94,0
DA:95,0
DA:96,0
DA:97,0
DA:98,0
DA:99,0
DA:100,0
DA:101,0
DA:102,0
DA:103,0
DA:104,0
DA:105,0
DA:107,0
DA:108,0
DA:109,0
DA:111,0
DA:112,0
DA:113,0
DA:114,0
DA:115,0
DA:116,0
DA:117,0
DA:118,0
DA:119,0
DA:120,0
DA:121,0
DA:122,0
DA:123,0
DA:126,19
DA:128,0
DA:129,19
DA:131,3
DA:132,3
DA:133,3
DA:135,3
DA:136,1
DA:137,1
DA:138,1
DA:139,1
DA:140,1
DA:143,3
DA:144,3
DA:145,3
DA:146,3
DA:149,3
DA:150,1
DA:151,0
DA:152,0
DA:153,0
DA:154,0
DA:155,0
DA:156,1
DA:157,3
DA:159,3
DA:160,3
DA:161,3
DA:162,0
DA:163,0
DA:164,0
DA:165,3
DA:166,20
DA:168,20
DA:169,17
DA:170,17
DA:171,17
DA:172,17
DA:173,17
DA:174,17
DA:175,17
DA:176,17
DA:177,17
DA:178,17
DA:179,17
DA:180,2
DA:181,2
DA:182,2
DA:183,2
DA:184,2
DA:185,17
DA:187,17
DA:188,17
DA:189,17
DA:190,17
DA:191,17
DA:192,17
DA:193,17
DA:194,17
DA:196,0
DA:197,0
DA:198,0
DA:199,0
DA:200,0
DA:201,17
DA:202,17
DA:203,17
DA:204,17
DA:205,17
DA:206,17
DA:207,17
DA:208,17
DA:209,17
DA:211,17
DA:212,17
DA:213,17
DA:214,17
DA:215,17
DA:216,17
DA:218,17
DA:220,3
DA:221,3
DA:222,3
DA:223,3
DA:224,3
DA:225,3
DA:226,3
DA:227,3
DA:228,3
DA:230,3
DA:232,1
LF:154
LH:109
BRDA:53,0,0,20
BRDA:65,1,0,1
BRDA:66,2,0,19
BRDA:74,3,0,19
BRDA:168,4,0,17
BRDA:218,5,0,3
BRDA:83,6,0,19
BRDA:84,7,0,16
BRDA:84,8,0,3
BRDA:126,9,0,0
BRDA:126,10,0,0
BRDA:129,11,0,3
BRDA:135,12,0,1
BRDA:144,13,0,1
BRDA:149,14,0,1
BRDA:159,15,0,3
BRDA:161,16,0,0
BRDA:176,17,0,1
BRDA:179,18,0,2
BRDA:180,19,0,1
BRDA:201,20,0,1
BRF:21
BRH:18
end_of_record
TN:
SF:components\header\LanguageSelector.tsx
FN:14,LanguageSelector
FN:25,onKeyDown
FN:47,onClick
FNF:3
FNH:3
FNDA:17,LanguageSelector
FNDA:2,onKeyDown
FNDA:1,onClick
DA:2,1
DA:4,1
DA:14,1
DA:15,17
DA:16,17
DA:17,17
DA:18,17
DA:19,17
DA:20,17
DA:21,17
DA:22,17
DA:23,17
DA:24,17
DA:25,17
DA:26,2
DA:27,2
DA:28,2
DA:29,2
DA:30,2
DA:31,17
DA:32,17
DA:34,17
DA:35,17
DA:36,17
DA:37,17
DA:38,17
DA:39,17
DA:42,17
DA:43,5
DA:44,5
DA:45,20
DA:46,20
DA:47,20
DA:48,20
DA:49,20
DA:50,5
DA:51,15
DA:52,20
DA:54,20
DA:55,20
DA:56,20
DA:57,5
DA:58,5
DA:60,17
DA:62,17
DA:64,1
LF:46
LH:46
BRDA:14,0,0,17
BRDA:37,1,0,5
BRDA:37,2,0,12
BRDA:42,3,0,5
BRDA:25,4,0,2
BRDA:26,5,0,1
BRDA:44,6,0,20
BRDA:49,7,0,5
BRDA:50,8,0,15
BRDA:47,9,0,1
BRF:10
BRH:10
end_of_record
TN:
SF:components\header\index.ts
FN:1,(empty-report)
FNF:1
FNH:0
FNDA:0,(empty-report)
DA:1,0
DA:2,0
DA:3,0
LF:3
LH:0
BRDA:1,0,0,0
BRF:1
BRH:0
end_of_record
TN:
SF:components\home\CategoriesSchemaMarkup.tsx
FN:10,CategoriesSchemaMarkup
FNF:1
FNH:1
FNDA:4,CategoriesSchemaMarkup
DA:2,1
DA:3,1
DA:4,1
DA:10,1
DA:11,4
DA:12,4
DA:18,4
DA:19,4
DA:20,4
DA:21,4
DA:22,4
DA:23,4
DA:24,4
DA:25,20
DA:26,20
DA:28,20
DA:29,20
DA:30,20
DA:31,20
DA:32,20
DA:33,20
DA:34,20
DA:35,20
DA:36,20
DA:37,20
DA:38,20
DA:39,20
DA:40,20
DA:41,20
DA:42,20
DA:43,20
DA:44,4
DA:45,4
DA:47,4
DA:48,4
DA:49,4
DA:50,4
DA:52,4
DA:54,1
LF:39
LH:39
BRDA:10,0,0,4
BRDA:24,1,0,20
BRDA:25,2,0,0
BRDA:26,3,0,0
BRF:4
BRH:2
end_of_record
TN:
SF:components\home\CategoriesSection.tsx
FN:15,CIDLogo
FN:29,CategoriesSection
FNF:2
FNH:2
FNDA:4,CIDLogo
FNDA:4,CategoriesSection
DA:2,1
DA:3,1
DA:4,1
DA:5,1
DA:6,1
DA:7,1
DA:15,1
DA:16,4
DA:17,4
DA:18,4
DA:19,4
DA:21,4
DA:22,4
DA:24,4
DA:25,4
DA:26,4
DA:29,1
DA:30,4
DA:32,4
DA:33,4
DA:34,4
DA:35,0
DA:36,4
DA:37,4
DA:39,4
DA:40,4
DA:41,4
DA:43,4
DA:44,4
DA:45,4
DA:46,4
DA:47,4
DA:48,4
DA:49,4
DA:50,4
DA:53,4
DA:54,4
DA:55,20
DA:56,20
DA:57,20
DA:58,4
DA:59,4
DA:62,4
DA:63,4
DA:64,4
DA:65,4
DA:66,4
DA:67,4
DA:69,4
DA:70,4
DA:71,4
DA:72,4
DA:73,4
DA:76,4
DA:77,4
DA:79,4
DA:81,1
LF:57
LH:56
BRDA:15,0,0,4
BRDA:29,1,0,4
BRDA:32,2,0,0
BRDA:34,3,0,0
BRDA:37,4,0,0
BRDA:54,5,0,20
BRF:6
BRH:3
end_of_record
TN:
SF:components\home\CategoryCard.tsx
FN:12,CategoryCard
FNF:1
FNH:1
FNDA:20,CategoryCard
DA:2,1
DA:3,1
DA:12,1
DA:13,20
DA:16,20
DA:17,20
DA:18,20
DA:19,20
DA:21,20
DA:22,20
DA:23,20
DA:24,20
DA:25,20
DA:27,20
DA:29,20
DA:30,20
DA:31,20
DA:32,20
DA:33,20
DA:34,20
DA:35,20
DA:36,20
DA:37,20
DA:40,20
DA:43,20
DA:46,20
DA:47,20
DA:50,20
DA:51,20
DA:52,20
DA:53,20
DA:54,20
DA:55,20
DA:56,20
DA:57,20
DA:58,20
DA:59,20
DA:60,20
DA:62,20
DA:64,1
LF:40
LH:40
BRDA:12,0,0,20
BRDA:16,1,0,0
BRDA:17,2,0,0
BRDA:18,3,0,0
BRDA:19,4,0,0
BRDA:35,5,0,4
BRDA:35,6,0,16
BRF:7
BRH:3
end_of_record
TN:
SF:components\home\index.ts
FN:1,(empty-report)
FNF:1
FNH:0
FNDA:0,(empty-report)
DA:1,0
DA:2,0
DA:3,0
LF:3
LH:0
BRDA:1,0,0,0
BRF:1
BRH:0
end_of_record
TN:
SF:components\shared\Breadcrumb.tsx
FN:55,Breadcrumb
FNF:1
FNH:1
FNDA:42,Breadcrumb
DA:1,1
DA:2,1
DA:55,1
DA:56,42
DA:57,42
DA:58,42
DA:59,42
DA:60,42
DA:61,42
DA:62,42
DA:63,42
DA:64,42
DA:65,42
DA:66,42
DA:67,42
DA:69,42
DA:70,42
DA:71,111
DA:72,111
DA:73,111
DA:75,111
DA:76,111
DA:77,111
DA:78,111
DA:79,69
DA:80,69
DA:81,69
DA:82,69
DA:83,69
DA:85,69
DA:86,69
DA:87,69
DA:88,69
DA:90,42
DA:91,42
DA:92,42
DA:93,42
DA:94,42
DA:95,42
DA:96,42
DA:98,42
DA:99,42
DA:100,42
DA:101,42
DA:102,42
DA:103,42
DA:105,111
DA:106,111
DA:107,111
DA:109,42
DA:110,42
DA:111,42
DA:113,42
DA:115,1
LF:54
LH:54
BRDA:55,0,0,42
BRDA:70,1,0,111
BRDA:72,2,0,70
BRDA:78,3,0,69
BRDA:88,4,0,42
BRDA:106,5,0,69
BRF:6
BRH:6
end_of_record
TN:
SF:components\shared\LatinDanceComparisonTable.tsx
FN:1,(empty-report)
FNF:1
FNH:1
FNDA:1,(empty-report)
DA:2,0
DA:23,0
DA:24,0
DA:25,0
DA:26,0
DA:27,0
DA:28,0
DA:29,0
DA:30,0
DA:31,0
DA:32,0
DA:33,0
DA:34,0
DA:35,0
DA:36,0
DA:37,0
DA:38,0
DA:39,0
DA:40,0
DA:41,0
DA:42,0
DA:43,0
DA:44,0
DA:45,0
DA:46,0
DA:47,0
DA:48,0
DA:49,0
DA:50,0
DA:51,0
DA:52,0
DA:53,0
DA:54,0
DA:55,0
DA:56,0
DA:57,0
DA:58,0
DA:59,0
DA:60,0
DA:61,0
DA:62,0
DA:63,0
DA:64,0
DA:65,0
DA:66,0
DA:67,0
DA:68,0
DA:69,0
DA:70,0
DA:71,0
DA:72,0
DA:73,0
DA:74,0
DA:75,0
DA:76,0
DA:77,0
DA:78,0
DA:79,0
DA:80,0
DA:81,0
DA:82,0
DA:83,0
DA:84,0
DA:85,0
DA:86,0
DA:87,0
DA:88,0
DA:89,0
DA:90,0
DA:91,0
DA:92,0
DA:93,0
DA:94,0
DA:95,0
DA:96,0
DA:97,0
DA:98,0
DA:99,0
DA:100,0
DA:101,0
DA:102,0
DA:103,0
DA:104,0
DA:105,0
DA:106,0
DA:107,0
DA:108,0
DA:109,0
DA:110,0
DA:111,0
DA:112,0
DA:113,0
DA:114,0
DA:115,0
DA:116,0
DA:117,0
DA:118,0
DA:119,0
DA:120,0
DA:121,0
DA:122,0
DA:123,0
DA:124,0
DA:125,0
DA:126,0
DA:127,0
DA:128,0
DA:129,0
DA:130,0
DA:131,0
DA:132,0
DA:133,0
DA:134,0
DA:135,0
DA:136,0
DA:137,0
DA:138,0
DA:139,0
DA:140,0
DA:141,0
DA:142,0
DA:143,0
DA:144,0
DA:145,0
DA:146,0
DA:147,0
DA:148,0
DA:149,0
DA:150,0
DA:151,0
DA:152,0
DA:153,0
DA:154,0
DA:155,0
DA:156,0
DA:159,0
DA:160,0
DA:161,0
DA:162,0
DA:163,0
DA:164,0
DA:165,0
DA:166,0
DA:167,0
DA:168,0
DA:169,0
DA:171,0
DA:172,0
DA:173,0
DA:174,0
DA:177,0
DA:178,0
DA:179,0
DA:180,0
DA:181,0
DA:182,0
DA:183,0
DA:184,0
DA:185,0
DA:186,0
DA:187,0
DA:188,0
DA:189,0
DA:190,0
DA:192,0
DA:193,0
DA:194,0
DA:195,0
DA:196,0
DA:197,0
DA:200,0
DA:201,0
DA:203,0
DA:205,0
DA:206,0
DA:207,0
DA:208,0
DA:209,0
DA:210,0
DA:212,0
DA:213,0
DA:214,0
DA:215,0
DA:216,0
DA:217,0
DA:218,0
DA:219,0
DA:221,0
DA:222,0
DA:223,0
DA:224,0
DA:226,0
DA:227,0
DA:228,0
DA:229,0
DA:230,0
DA:231,0
DA:233,0
DA:234,0
DA:237,0
DA:238,0
DA:239,0
DA:240,0
DA:241,0
DA:242,0
DA:243,0
DA:244,0
DA:245,0
DA:246,0
DA:247,0
DA:248,0
DA:249,0
DA:250,0
DA:251,0
DA:253,0
DA:254,0
DA:255,0
DA:256,0
DA:257,0
DA:258,0
DA:259,0
DA:260,0
DA:261,0
DA:262,0
DA:264,0
DA:265,0
DA:266,0
DA:267,0
DA:268,0
DA:269,0
DA:270,0
DA:271,0
DA:272,0
DA:273,0
DA:274,0
DA:276,0
DA:277,0
DA:278,0
DA:279,0
DA:280,0
DA:281,0
DA:282,0
DA:283,0
DA:286,0
DA:287,0
DA:288,0
DA:289,0
DA:290,0
DA:291,0
DA:292,0
DA:293,0
DA:294,0
DA:295,0
DA:296,0
DA:297,0
DA:298,0
DA:299,0
DA:300,0
DA:301,0
DA:302,0
DA:305,0
DA:306,0
DA:307,0
DA:308,0
DA:310,0
DA:312,0
LF:266
LH:0
BRDA:1,0,0,1
BRF:1
BRH:1
end_of_record
TN:
SF:components\shared\LevelCardsSection.tsx
FN:25,LevelCardsSection
FN:35,getCardStyles
FN:122,getBadgeText
FN:133,getGridCols
FNF:4
FNH:4
FNDA:9,LevelCardsSection
FNDA:19,getCardStyles
FNDA:19,getBadgeText
FNDA:9,getGridCols
DA:1,1
DA:2,1
DA:3,1
DA:25,1
DA:26,9
DA:27,9
DA:28,9
DA:29,9
DA:30,9
DA:31,9
DA:35,9
DA:36,19
DA:37,19
DA:38,19
DA:41,19
DA:42,8
DA:43,4
DA:44,4
DA:45,4
DA:46,4
DA:47,4
DA:48,4
DA:49,4
DA:51,4
DA:52,4
DA:53,4
DA:54,4
DA:55,4
DA:56,4
DA:57,4
DA:61,19
DA:62,9
DA:63,3
DA:64,3
DA:65,3
DA:66,3
DA:67,3
DA:68,3
DA:69,3
DA:70,9
DA:71,3
DA:72,3
DA:73,3
DA:74,3
DA:75,3
DA:76,3
DA:77,3
DA:79,3
DA:80,3
DA:81,3
DA:82,3
DA:83,3
DA:84,3
DA:85,3
DA:88,2
DA:89,2
DA:90,2
DA:91,2
DA:92,2
DA:93,2
DA:94,2
DA:95,2
DA:96,0
DA:97,0
DA:98,0
DA:99,0
DA:100,0
DA:101,0
DA:102,0
DA:103,0
DA:104,0
DA:105,0
DA:106,0
DA:107,0
DA:108,0
DA:109,0
DA:110,0
DA:111,0
DA:113,0
DA:114,0
DA:115,0
DA:116,0
DA:117,0
DA:118,0
DA:119,19
DA:122,9
DA:123,19
DA:124,19
DA:125,19
DA:126,19
DA:127,19
DA:128,19
DA:129,19
DA:130,19
DA:133,9
DA:134,9
DA:135,9
DA:136,9
DA:137,2
DA:138,9
DA:140,9
DA:141,9
DA:142,9
DA:143,9
DA:144,9
DA:145,9
DA:146,9
DA:147,9
DA:148,9
DA:149,9
DA:151,9
DA:152,9
DA:153,19
DA:155,19
DA:156,19
DA:157,19
DA:158,19
DA:159,19
DA:161,19
DA:162,19
DA:165,19
DA:166,19
DA:167,19
DA:169,19
DA:170,19
DA:171,19
DA:173,19
DA:174,19
DA:175,19
DA:176,19
DA:177,19
DA:178,19
DA:179,19
DA:180,19
DA:181,19
DA:182,19
DA:183,19
DA:184,19
DA:185,19
DA:186,19
DA:188,9
DA:189,9
DA:190,9
DA:191,9
DA:193,9
DA:195,1
LF:146
LH:124
BRDA:25,0,0,9
BRDA:35,1,0,19
BRDA:41,2,0,8
BRDA:42,3,0,4
BRDA:57,4,0,11
BRDA:61,5,0,9
BRDA:62,6,0,3
BRDA:69,7,0,6
BRDA:70,8,0,3
BRDA:85,9,0,2
BRDA:95,10,0,0
BRDA:122,11,0,19
BRDA:129,12,0,1
BRDA:133,13,0,9
BRDA:134,14,0,4
BRDA:134,15,0,5
BRDA:135,16,0,3
BRDA:135,17,0,2
BRDA:136,18,0,0
BRDA:136,19,0,2
BRDA:152,20,0,19
BRF:21
BRH:19
end_of_record
TN:
SF:components\shared\PrepareClassSection.tsx
FN:34,PrepareClassSection
FNF:1
FNH:1
FNDA:17,PrepareClassSection
DA:1,1
DA:2,1
DA:3,1
DA:34,1
DA:35,17
DA:36,17
DA:37,17
DA:38,17
DA:39,17
DA:40,17
DA:41,17
DA:42,17
DA:44,17
DA:45,17
DA:47,17
DA:48,17
DA:50,17
DA:51,17
DA:52,17
DA:54,17
DA:55,17
DA:56,17
DA:57,17
DA:58,17
DA:59,17
DA:62,17
DA:64,17
DA:65,17
DA:66,17
DA:67,17
DA:68,17
DA:69,17
DA:70,17
DA:71,17
DA:72,17
DA:73,17
DA:75,17
DA:76,17
DA:77,17
DA:78,17
DA:79,17
DA:80,17
DA:81,17
DA:82,17
DA:83,17
DA:84,17
DA:85,17
DA:86,51
DA:87,51
DA:88,51
DA:89,51
DA:90,51
DA:91,51
DA:92,17
DA:93,17
DA:94,17
DA:95,17
DA:98,17
DA:99,17
DA:100,17
DA:101,17
DA:102,17
DA:103,17
DA:104,17
DA:105,17
DA:106,17
DA:107,17
DA:108,34
DA:109,34
DA:110,34
DA:111,34
DA:112,34
DA:113,34
DA:114,34
DA:115,34
DA:116,17
DA:117,17
DA:118,17
DA:119,17
DA:122,17
DA:123,17
DA:124,17
DA:125,17
DA:126,17
DA:127,17
DA:128,17
DA:129,17
DA:130,17
DA:131,17
DA:133,17
DA:134,17
DA:135,17
DA:136,17
DA:137,17
DA:138,17
DA:139,17
DA:140,17
DA:141,17
DA:142,17
DA:143,17
DA:144,34
DA:145,34
DA:146,34
DA:147,34
DA:148,34
DA:149,34
DA:150,34
DA:151,34
DA:152,17
DA:153,17
DA:154,17
DA:155,17
DA:156,17
DA:159,17
DA:160,17
DA:162,17
DA:163,17
DA:165,17
DA:167,17
DA:168,17
DA:169,17
DA:170,1
DA:171,1
DA:172,1
DA:173,1
DA:174,1
DA:175,1
DA:176,1
DA:177,1
DA:179,16
DA:180,16
DA:181,16
DA:182,16
DA:183,16
DA:184,16
DA:185,16
DA:186,16
DA:188,17
DA:189,17
DA:191,17
DA:192,17
DA:193,17
DA:194,17
DA:195,17
DA:196,17
DA:198,17
DA:199,17
DA:200,17
DA:201,17
DA:202,17
DA:203,17
DA:204,17
DA:205,17
DA:206,17
DA:207,17
DA:208,17
DA:209,17
DA:210,17
DA:211,17
DA:212,17
DA:213,17
DA:214,17
DA:215,17
DA:216,17
DA:217,17
DA:219,17
DA:221,1
LF:167
LH:167
BRDA:34,0,0,17
BRDA:169,1,0,1
BRDA:177,2,0,16
BRDA:85,3,0,51
BRDA:85,4,0,51
BRDA:107,5,0,34
BRDA:107,6,0,34
BRDA:143,7,0,34
BRDA:143,8,0,34
BRDA:183,9,0,32
BRF:10
BRH:10
end_of_record
TN:
SF:components\shared\index.ts
FN:1,(empty-report)
FNF:1
FNH:0
FNDA:0,(empty-report)
DA:1,0
DA:2,0
DA:3,0
DA:4,0
DA:5,0
LF:5
LH:0
BRDA:1,0,0,0
BRF:1
BRH:0
end_of_record
TN:
SF:components\stories\AnimateOnScroll.stories.tsx
FN:1,(empty-report)
FNF:1
FNH:1
FNDA:1,(empty-report)
DA:2,0
DA:4,0
DA:5,0
DA:6,0
DA:7,0
DA:8,0
DA:9,0
DA:10,0
DA:11,0
DA:12,0
DA:13,0
DA:14,0
DA:15,0
DA:16,0
DA:17,0
DA:18,0
DA:19,0
DA:20,0
DA:21,0
DA:22,0
DA:23,0
DA:24,0
DA:25,0
DA:26,0
DA:28,0
DA:31,0
DA:32,0
DA:33,0
DA:34,0
DA:35,0
DA:36,0
DA:37,0
DA:38,0
DA:39,0
DA:41,0
DA:42,0
DA:44,0
DA:45,0
DA:46,0
DA:47,0
DA:48,0
DA:49,0
DA:50,0
DA:51,0
DA:53,0
DA:54,0
DA:56,0
DA:57,0
DA:58,0
DA:59,0
DA:60,0
DA:61,0
DA:62,0
DA:63,0
DA:64,0
DA:65,0
DA:67,0
DA:68,0
DA:70,0
DA:71,0
DA:72,0
DA:73,0
DA:74,0
DA:75,0
DA:76,0
DA:77,0
DA:78,0
DA:79,0
DA:80,0
DA:81,0
DA:82,0
DA:83,0
DA:85,0
LF:73
LH:0
BRDA:1,0,0,1
BRF:1
BRH:1
end_of_record
TN:
SF:components\stories\AnimatedCounter.stories.tsx
FN:1,(empty-report)
FNF:1
FNH:1
FNDA:1,(empty-report)
DA:2,0
DA:4,0
DA:5,0
DA:6,0
DA:7,0
DA:8,0
DA:9,0
DA:10,0
DA:11,0
DA:12,0
DA:13,0
DA:14,0
DA:15,0
DA:16,0
DA:17,0
DA:18,0
DA:19,0
DA:20,0
DA:21,0
DA:22,0
DA:23,0
DA:24,0
DA:25,0
DA:26,0
DA:27,0
DA:28,0
DA:29,0
DA:31,0
DA:34,0
DA:35,0
DA:36,0
DA:37,0
DA:38,0
DA:39,0
DA:40,0
DA:41,0
DA:43,0
DA:44,0
DA:45,0
DA:46,0
DA:47,0
DA:48,0
DA:49,0
DA:50,0
DA:52,0
DA:53,0
DA:54,0
DA:55,0
DA:56,0
DA:57,0
DA:58,0
DA:59,0
DA:61,0
DA:62,0
DA:63,0
DA:64,0
DA:65,0
DA:66,0
DA:67,0
DA:68,0
DA:70,0
DA:71,0
DA:72,0
DA:73,0
DA:74,0
DA:75,0
DA:76,0
DA:77,0
LF:68
LH:0
BRDA:1,0,0,1
BRF:1
BRH:1
end_of_record
TN:
SF:components\stories\BackToTop.stories.tsx
FN:1,(empty-report)
FNF:1
FNH:1
FNDA:1,(empty-report)
DA:2,0
DA:4,0
DA:5,0
DA:6,0
DA:7,0
DA:8,0
DA:9,0
DA:10,0
DA:11,0
DA:13,0
DA:16,0
DA:17,0
DA:18,0
DA:19,0
DA:20,0
DA:21,0
DA:23,0
DA:24,0
DA:25,0
DA:28,0
DA:29,0
DA:30,0
DA:31,0
DA:32,0
DA:34,0
LF:25
LH:0
BRDA:1,0,0,1
BRF:1
BRH:1
end_of_record
TN:
SF:components\stories\FAQSection.stories.tsx
FN:1,(empty-report)
FNF:1
FNH:1
FNDA:1,(empty-report)
DA:2,0
DA:3,0
DA:5,0
DA:6,0
DA:7,0
DA:8,0
DA:9,0
DA:10,0
DA:11,0
DA:12,0
DA:13,0
DA:14,0
DA:15,0
DA:16,0
DA:18,0
DA:19,0
DA:21,0
DA:24,0
DA:25,0
DA:26,0
DA:27,0
DA:28,0
DA:29,0
DA:30,0
DA:31,0
DA:32,0
DA:33,0
DA:34,0
DA:35,0
DA:36,0
DA:37,0
DA:38,0
DA:39,0
DA:40,0
DA:41,0
DA:42,0
DA:43,0
DA:44,0
DA:45,0
DA:46,0
DA:47,0
DA:48,0
DA:49,0
DA:51,0
DA:52,0
DA:53,0
DA:54,0
DA:55,0
DA:56,0
DA:57,0
DA:59,0
DA:60,0
DA:61,0
DA:62,0
DA:63,0
DA:64,0
DA:65,0
DA:66,0
DA:67,0
DA:68,0
DA:69,0
DA:70,0
DA:71,0
DA:72,0
DA:73,0
DA:74,0
DA:75,0
DA:76,0
DA:77,0
DA:78,0
DA:79,0
DA:80,0
DA:81,0
DA:82,0
DA:83,0
DA:84,0
DA:86,0
DA:87,0
DA:88,0
DA:89,0
DA:90,0
DA:91,0
DA:92,0
DA:93,0
DA:94,0
DA:95,0
DA:96,0
DA:97,0
DA:98,0
LF:89
LH:0
BRDA:1,0,0,1
BRF:1
BRH:1
end_of_record
TN:
SF:hooks\useLazyImage.tsx
FN:15,useLazyImage
FN:30,IntersectionObserver.threshold.threshold
FN:53,img.onload
FNF:3
FNH:1
FNDA:3,useLazyImage
FNDA:0,IntersectionObserver.threshold.threshold
FNDA:0,img.onload
DA:1,1
DA:15,1
DA:16,3
DA:17,3
DA:18,3
DA:19,3
DA:20,3
DA:21,3
DA:22,3
DA:23,3
DA:24,3
DA:26,3
DA:27,3
DA:29,0
DA:30,0
DA:31,0
DA:32,0
DA:33,0
DA:34,0
DA:35,0
DA:36,0
DA:37,0
DA:38,0
DA:39,0
DA:41,0
DA:43,0
DA:44,0
DA:45,0
DA:46,3
DA:48,3
DA:49,3
DA:51,0
DA:52,0
DA:53,0
DA:54,0
DA:55,0
DA:56,0
DA:57,3
DA:59,3
DA:60,3
LF:40
LH:19
BRDA:15,0,0,3
BRDA:21,1,0,1
BRDA:26,2,0,3
BRDA:27,3,0,0
BRDA:48,4,0,3
BRDA:49,5,0,0
BRF:6
BRH:4
end_of_record
TN:
SF:lib\icons.tsx
FN:28,getIconClassName
FN:37,XMarkIcon
FN:50,MenuIcon
FN:64,ChevronDownIcon
FN:82,ChevronUpIcon
FN:96,ChevronRightIcon
FN:109,ChevronLeftIcon
FN:122,GlobeIcon
FN:144,CheckCircleIcon
FN:154,CheckIcon
FN:164,StarIcon
FN:175,ClockIcon
FN:188,FlameIcon
FN:198,KeyIcon
FN:217,CameraIcon
FN:241,SparklesIcon
FN:260,UserIcon
FN:279,PlayCircleIcon
FN:302,BuildingOfficeIcon
FN:324,HeartIcon
FN:343,HeartFilledIcon
FN:349,CalendarDaysIcon
FN:371,ShoppingBagIcon
FN:397,InstagramIcon
FN:419,PlayIcon
FN:425,StarRating
FNF:26
FNH:26
FNDA:111,getIconClassName
FNDA:1,XMarkIcon
FNDA:5,MenuIcon
FNDA:93,ChevronDownIcon
FNDA:1,ChevronUpIcon
FNDA:1,ChevronRightIcon
FNDA:1,ChevronLeftIcon
FNDA:14,GlobeIcon
FNDA:31,CheckCircleIcon
FNDA:31,CheckIcon
FNDA:111,StarIcon
FNDA:11,ClockIcon
FNDA:11,FlameIcon
FNDA:1,KeyIcon
FNDA:1,CameraIcon
FNDA:1,SparklesIcon
FNDA:1,UserIcon
FNDA:1,PlayCircleIcon
FNDA:1,BuildingOfficeIcon
FNDA:1,HeartIcon
FNDA:1,HeartFilledIcon
FNDA:11,CalendarDaysIcon
FNDA:1,ShoppingBagIcon
FNDA:1,InstagramIcon
FNDA:1,PlayIcon
FNDA:20,StarRating
DA:10,1
DA:11,1
DA:12,1
DA:13,1
DA:14,1
DA:15,1
DA:28,1
DA:29,111
DA:30,111
DA:31,111
DA:37,1
DA:38,1
DA:39,1
DA:40,1
DA:41,1
DA:42,1
DA:43,1
DA:44,1
DA:46,1
DA:47,1
DA:50,1
DA:51,5
DA:52,5
DA:53,5
DA:54,5
DA:55,5
DA:56,5
DA:57,5
DA:58,5
DA:60,5
DA:61,5
DA:64,1
DA:65,93
DA:66,93
DA:67,93
DA:68,93
DA:69,93
DA:70,93
DA:71,93
DA:72,93
DA:73,93
DA:74,93
DA:75,93
DA:76,93
DA:78,93
DA:79,93
DA:82,1
DA:83,1
DA:84,1
DA:85,1
DA:86,1
DA:87,1
DA:88,1
DA:89,1
DA:90,1
DA:92,1
DA:93,1
DA:96,1
DA:97,1
DA:98,1
DA:99,1
DA:100,1
DA:101,1
DA:102,1
DA:103,1
DA:105,1
DA:106,1
DA:109,1
DA:110,1
DA:111,1
DA:112,1
DA:113,1
DA:114,1
DA:115,1
DA:116,1
DA:118,1
DA:119,1
DA:122,1
DA:123,14
DA:124,14
DA:125,14
DA:126,14
DA:127,14
DA:128,14
DA:129,14
DA:130,14
DA:132,14
DA:133,14
DA:134,14
DA:135,14
DA:136,14
DA:137,14
DA:144,1
DA:145,31
DA:146,31
DA:147,31
DA:148,31
DA:149,31
DA:150,31
DA:151,31
DA:154,1
DA:155,31
DA:156,31
DA:157,31
DA:158,31
DA:159,31
DA:160,31
DA:161,31
DA:164,1
DA:165,111
DA:166,111
DA:167,111
DA:168,111
DA:169,111
DA:171,111
DA:172,111
DA:175,1
DA:176,11
DA:177,11
DA:178,11
DA:179,11
DA:180,11
DA:181,11
DA:183,11
DA:184,11
DA:185,11
DA:188,1
DA:189,11
DA:190,11
DA:191,11
DA:198,1
DA:199,1
DA:200,1
DA:201,1
DA:202,1
DA:203,1
DA:204,1
DA:205,1
DA:206,1
DA:207,1
DA:209,1
DA:210,1
DA:211,1
DA:212,1
DA:213,1
DA:214,1
DA:217,1
DA:218,1
DA:219,1
DA:220,1
DA:221,1
DA:222,1
DA:223,1
DA:224,1
DA:225,1
DA:226,1
DA:228,1
DA:229,1
DA:230,1
DA:231,1
DA:232,1
DA:233,1
DA:234,1
DA:235,1
DA:236,1
DA:237,1
DA:238,1
DA:241,1
DA:242,1
DA:243,1
DA:244,1
DA:245,1
DA:246,1
DA:247,1
DA:248,1
DA:249,1
DA:250,1
DA:252,1
DA:253,1
DA:254,1
DA:255,1
DA:256,1
DA:257,1
DA:260,1
DA:261,1
DA:262,1
DA:263,1
DA:264,1
DA:265,1
DA:266,1
DA:267,1
DA:268,1
DA:269,1
DA:271,1
DA:272,1
DA:273,1
DA:274,1
DA:275,1
DA:276,1
DA:279,1
DA:280,1
DA:281,1
DA:282,1
DA:283,1
DA:284,1
DA:285,1
DA:286,1
DA:287,1
DA:288,1
DA:289,1
DA:290,1
DA:291,1
DA:293,1
DA:294,1
DA:295,1
DA:296,1
DA:297,1
DA:298,1
DA:299,1
DA:302,1
DA:303,1
DA:304,1
DA:305,1
DA:306,1
DA:307,1
DA:308,1
DA:309,1
DA:310,1
DA:311,1
DA:312,1
DA:313,1
DA:314,1
DA:316,1
DA:317,1
DA:318,1
DA:319,1
DA:320,1
DA:321,1
DA:324,1
DA:325,1
DA:326,1
DA:327,1
DA:328,1
DA:329,1
DA:330,1
DA:331,1
DA:332,1
DA:333,1
DA:335,1
DA:336,1
DA:337,1
DA:338,1
DA:339,1
DA:340,1
DA:343,1
DA:344,1
DA:345,1
DA:346,1
DA:349,1
DA:350,11
DA:351,11
DA:352,11
DA:353,11
DA:354,11
DA:355,11
DA:356,11
DA:357,11
DA:358,11
DA:359,11
DA:360,11
DA:361,11
DA:363,11
DA:364,11
DA:365,11
DA:366,11
DA:367,11
DA:368,11
DA:371,1
DA:372,1
DA:373,1
DA:374,1
DA:375,1
DA:376,1
DA:377,1
DA:378,1
DA:379,1
DA:380,1
DA:381,1
DA:382,1
DA:383,1
DA:385,1
DA:386,1
DA:387,1
DA:388,1
DA:389,1
DA:390,1
DA:397,1
DA:398,1
DA:399,1
DA:400,1
DA:401,1
DA:402,1
DA:403,1
DA:404,1
DA:419,1
DA:420,1
DA:421,1
DA:422,1
DA:425,1
DA:426,20
DA:427,20
DA:428,20
DA:429,20
DA:430,20
DA:431,20
DA:432,20
DA:433,100
DA:434,100
DA:435,100
DA:436,100
DA:437,100
DA:438,100
DA:439,20
LF:323
LH:323
BRDA:28,0,0,111
BRDA:29,1,0,110
BRDA:29,2,0,1
BRDA:37,3,0,1
BRDA:50,4,0,5
BRDA:64,5,0,93
BRDA:82,6,0,1
BRDA:96,7,0,1
BRDA:109,8,0,1
BRDA:122,9,0,14
BRDA:144,10,0,31
BRDA:154,11,0,31
BRDA:164,12,0,111
BRDA:175,13,0,11
BRDA:188,14,0,11
BRDA:198,15,0,1
BRDA:217,16,0,1
BRDA:241,17,0,1
BRDA:260,18,0,1
BRDA:279,19,0,1
BRDA:302,20,0,1
BRDA:324,21,0,1
BRDA:343,22,0,1
BRDA:349,23,0,11
BRDA:371,24,0,1
BRDA:397,25,0,1
BRDA:419,26,0,1
BRDA:425,27,0,20
BRDA:432,28,0,100
BRDA:436,29,0,0
BRF:30
BRH:29
end_of_record
TN:
SF:utils\debounce.ts
FN:10,debounce
FNF:1
FNH:1
FNDA:11,debounce
DA:10,1
DA:11,11
DA:12,11
DA:13,11
DA:14,11
DA:16,11
DA:17,13
DA:19,13
DA:20,6
DA:21,6
DA:23,13
DA:24,8
DA:25,13
DA:26,13
DA:27,11
LF:15
LH:15
BRDA:10,0,0,11
BRDA:16,1,0,13
BRDA:19,2,0,6
BRDA:23,3,0,8
BRF:4
BRH:4
end_of_record
TN:
SF:utils\imageConfig.ts
FN:1,(empty-report)
FNF:1
FNH:1
FNDA:1,(empty-report)
DA:4,0
DA:5,0
DA:6,0
DA:7,0
DA:8,0
DA:9,0
DA:10,0
DA:11,0
DA:12,0
DA:13,0
DA:14,0
DA:15,0
DA:16,0
DA:17,0
DA:18,0
DA:19,0
DA:20,0
DA:21,0
DA:22,0
DA:23,0
DA:24,0
DA:25,0
DA:26,0
DA:27,0
DA:28,0
DA:29,0
DA:30,0
DA:31,0
DA:32,0
DA:33,0
DA:34,0
DA:35,0
DA:36,0
DA:37,0
DA:38,0
DA:39,0
DA:40,0
DA:41,0
DA:42,0
DA:43,0
DA:44,0
DA:45,0
DA:46,0
DA:47,0
DA:48,0
DA:49,0
DA:50,0
DA:51,0
DA:54,0
DA:55,0
DA:56,0
DA:57,0
LF:52
LH:0
BRDA:1,0,0,1
BRF:1
BRH:1
end_of_record
TN:
SF:utils\inputSanitization.ts
FN:1,(empty-report)
FNF:1
FNH:1
FNDA:1,(empty-report)
DA:11,0
DA:12,0
DA:14,0
DA:15,0
DA:16,0
DA:17,0
DA:18,0
DA:25,0
DA:26,0
DA:29,0
DA:30,0
DA:31,0
DA:38,0
DA:39,0
DA:42,0
DA:43,0
DA:50,0
DA:51,0
DA:53,0
DA:54,0
DA:55,0
DA:56,0
DA:57,0
DA:64,0
DA:65,0
DA:67,0
DA:69,0
DA:71,0
DA:72,0
DA:73,0
DA:74,0
DA:76,0
DA:78,0
DA:79,0
DA:86,0
DA:87,0
DA:90,0
DA:91,0
LF:38
LH:0
BRDA:1,0,0,1
BRF:1
BRH:1
end_of_record
